<?xml version="1.0" encoding="UTF-8"?>
<!-- Generated by org.testng.reporters.JUnitReportReporter -->
<testsuite skipped="0" hostname="USER-PC" name="com.BrowserTest.Tc_01_BrowserTest" tests="1" failures="0" timestamp="26 May 2018 03:44:53 GMT" time="11.232" errors="0">
  <testcase name="launchBrowser" time="11.232" classname="com.BrowserTest.Tc_01_BrowserTest"/>
</testsuite> <!-- com.BrowserTest.Tc_01_BrowserTest -->
